<?xml version="1.0" encoding="UTF-8"?>
<testsuite xmlns:xsi="http://www.w3.org/2001/XMLSchema-instance" xsi:noNamespaceSchemaLocation="https://maven.apache.org/surefire/maven-surefire-plugin/xsd/surefire-test-report-3.0.xsd" version="3.0" name="examples.users.UsersRunner" time="2.742" tests="1" errors="0" skipped="0" failures="0">
  <properties>
[...]
</properties>
  <testcase name="[4:44] Actualizar mascota" classname="examples/users/users" time="1.312">
    <system-out><![CDATA[16:00:33.013 [main] INFO  com.intuit.karate.Runner - using system property 'karate.options': --tags @TEST-4
16:00:33.162 [main] DEBUG com.intuit.karate.Suite - [config] classpath:karate-config.js
16:00:33.967 [main] INFO  com.intuit.karate - karate.env system property was: null 
16:00:34.241 [main] DEBUG com.intuit.karate - request:
1 > PUT https://petstore.swagger.io/v2/pet
1 > Content-Type: application/json; charset=UTF-8
1 > Content-Length: 139
1 > Host: petstore.swagger.io
1 > Connection: Keep-Alive
1 > User-Agent: Apache-HttpClient/4.5.14 (Java/17.0.11)
1 > Accept-Encoding: gzip,deflate
{"id":"3","category":{"id":0,"name":"string"},"name":"kills","photoUrls":["string"],"tags":[{"id":0,"name":"string"}],"status":"available"}

16:00:34.752 [main] DEBUG com.intuit.karate - response time in milliseconds: 507
1 < 200
1 < Date: Sat, 21 Feb 2026 21:00:34 GMT
1 < Content-Type: application/json
1 < Transfer-Encoding: chunked
1 < Connection: keep-alive
1 < Access-Control-Allow-Origin: *
1 < Access-Control-Allow-Methods: GET, POST, DELETE, PUT
1 < Access-Control-Allow-Headers: Content-Type, api_key, Authorization
1 < Server: Jetty(9.2.9.v20150224)
{"id":3,"category":{"id":0,"name":"string"},"name":"kills","photoUrls":["string"],"tags":[{"id":0,"name":"string"}],"status":"available"}

16:00:34.755 [main] INFO  com.intuit.karate - [print] {
  "id": 3,
  "category": {
    "id": 0,
    "name": "string"
  },
  "name": "kills",
  "photoUrls": [
    "string"
  ],
  "tags": [
    {
      "id": 0,
      "name": "string"
    }
  ],
  "status": "available"
}
 
---------------------------------------------------------
feature: classpath:examples/users/users.feature
scenarios:  1 | passed:  1 | failed:  0 | time: 0,7649
---------------------------------------------------------

Karate version: 1.5.0
======================================================
elapsed:   2,11 | threads:    1 | thread time: 0,77 
features:     1 | skipped:    0 | efficiency: 0,36
scenarios:    1 | passed:     1 | failed: 0
======================================================

HTML report: (paste into browser to view) | Karate version: 1.5.0
file:///D:/NTTDATA_TESTING/myprojectBackendEscuelaTesting/target/karate-reports/karate-summary.html
===================================================================

]]></system-out>
  </testcase>
</testsuite>